<?xml version="1.0" encoding="UTF-8"?>
<testng-results ignored="0" total="1" passed="1" failed="0" skipped="0">
  <reporter-output>
  </reporter-output>
  <suite started-at="2020-06-27T16:27:11 IST" name="Default suite" finished-at="2020-06-27T16:27:35 IST" duration-ms="24701">
    <groups>
    </groups>
    <test started-at="2020-06-27T16:27:11 IST" name="Default test" finished-at="2020-06-27T16:27:35 IST" duration-ms="24701">
      <class name="APITesting.com.org.api.Google_Search">
        <test-method signature="Google_search()[pri:0, instance:APITesting.com.org.api.Google_Search@794cb805]" started-at="2020-06-27T16:27:11 IST" name="Google_search" finished-at="2020-06-27T16:27:35 IST" duration-ms="24608" status="PASS">
          <reporter-output>
          </reporter-output>
        </test-method> <!-- Google_search -->
      </class> <!-- APITesting.com.org.api.Google_Search -->
    </test> <!-- Default test -->
  </suite> <!-- Default suite -->
</testng-results>
